 _________________________________________________

 KRAKEN- SBCEXP17                                                                
 Nominal Frequency =   100.0    Hz
 NMedia    =   5


     C-Linear approximation to SSP
     Attenuation units: dB/mkHz
     VACUUM

       ( # mesh points =     0  RMS roughness =   0.00     m )

 Sound speed profile:
      z         alphaR      betaR     rho        alphaI     betaI
     (m)         (m/s)      (m/s)   (g/cm^3)                     

      0.00      1472.50      0.00     1.00       0.0000    0.0000
     75.10      1472.50      0.00     1.00       0.0000    0.0000
       ( # mesh points =   102  automatically calculated     )

       ( # mesh points =     0  RMS roughness =   0.00     m )

     75.10      1575.00      0.00     1.11       0.2500    0.0000
     86.87      1575.00      0.00     1.11       0.2500    0.0000
       ( # mesh points =    14  automatically calculated     )

       ( # mesh points =     0  RMS roughness =   0.00     m )

     86.87      1436.81      0.00     1.57       0.4334    0.0000
     89.09      1750.00      0.00     1.57       0.4334    0.0000
       ( # mesh points =    10  automatically calculated     )

       ( # mesh points =     0  RMS roughness =   0.00     m )

     89.09      1750.00      0.00     1.80       0.1500    0.0000
     96.59      1750.00      0.00     1.80       0.1500    0.0000
       ( # mesh points =    10  automatically calculated     )

       ( # mesh points =     0  RMS roughness =   0.00     m )

     96.59      1781.50      0.00     2.00       0.0500    0.0000
    296.59      1781.50      0.00     2.00       0.0500    0.0000
       ( # mesh points =   224  automatically calculated     )

                              ( RMS roughness =   0.00     m )
     ACOUSTO-ELASTIC half-space
    296.59      1812.00      0.00     2.20       0.0500    0.0000

 cLow =   100.00     m/s      cHigh =   2000.0     m/s
 RMax =   10.000     km

    Number of Source   z-coordinates, Sz =            1
    Source   z-coordinates, Sz (m)
                 8.30000    

 __________________________________________________________________________

    Number of Receiver z-coordinates, Rz =          101
    Receiver z-coordinates, Rz (m)
                 0.00000       1.00000       2.00000       3.00000    
   4.00000       5.00000       6.00000       7.00000       8.00000    
   9.00000    
          ... 
   100.000    

 __________________________________________________________________________


    Number of frequencies =           5
    Frequencies (Hz)
   303.000       403.000       503.000       703.000       953.000    
 __________________________________________________________________________

 Frequency =   303.0     Hz

 Mesh multiplier   CPU seconds
                --- Number of modes =           56
        1            0.259E-02s
                --- Number of modes =           56
        2            0.291E-02s
        4            0.215E-02s

    I       k             alpha     Phase Speed     Group Speed
          (1/m)           (1/m)        (m/s)           (m/s)
    1   1.292271403     -0.20E-05   1473.223924       0.00000    
    2   1.290363915     -0.80E-05   1475.401726       0.00000    
    3   1.287179696     -0.18E-04   1479.051568       0.00000    
    4   1.282711274     -0.33E-04   1484.203957       0.00000    
    5   1.276948524     -0.53E-04   1490.902031       0.00000    
    6   1.269879206     -0.80E-04   1499.201765       0.00000    
    7   1.261490091     -0.12E-03   1509.171703       0.00000    
    8   1.251769503     -0.16E-03   1520.891142       0.00000    
    9   1.240713861     -0.24E-03   1534.443362       0.00000    
   10   1.228348655     -0.36E-03   1549.889879       0.00000    
   11   1.214831367     -0.70E-03   1567.135324       0.00000    
   12   1.201616143     -0.32E-02   1584.370483       0.00000    
   13   1.194371881     -0.52E-02   1593.980215       0.00000    
   14   1.181552312     -0.15E-02   1611.274532       0.00000    
   15   1.165339192     -0.20E-02   1633.691856       0.00000    
   16   1.150140608     -0.34E-02   1655.280351       0.00000    
   17   1.135064104     -0.27E-02   1677.266633       0.00000    
   18   1.116305430     -0.17E-02   1705.451839       0.00000    
   19   1.095154192     -0.18E-02   1738.390047       0.00000    
   20   1.075728729     -0.33E-02   1769.781819       0.00000    
   21   1.068568827     -0.18E-02   1781.640171       0.00000    
   22   1.068327337     -0.18E-02   1782.042903       0.00000    
   23   1.067922406     -0.19E-02   1782.718611       0.00000    
   24   1.067336820     -0.19E-02   1783.696686       0.00000    
   25   1.066551932     -0.19E-02   1785.009329       0.00000    
   26   1.065558455     -0.19E-02   1786.673587       0.00000    
   27   1.064354603     -0.18E-02   1788.694428       0.00000    
   28   1.062942314     -0.18E-02   1791.070996       0.00000    
   29   1.061325887     -0.18E-02   1793.798843       0.00000    
   30   1.059512687     -0.19E-02   1796.868665       0.00000    
   31   1.057516204     -0.19E-02   1800.260971       0.00000    
   32   1.055364185     -0.19E-02   1803.931927       0.00000    
   33   1.053118912     -0.19E-02   1807.777950       0.00000    
   34   1.050895441     -0.21E-02   1811.602823       0.00000    
   35   1.048692334     -0.23E-02   1815.408663       0.00000    
   36   1.046210742     -0.23E-02   1819.714778       0.00000    
   37   1.043288055     -0.24E-02   1824.812561       0.00000    
   38   1.040021737     -0.25E-02   1830.543614       0.00000    
   39   1.036512058     -0.26E-02   1836.741921       0.00000    
   40   1.032869585     -0.26E-02   1843.219294       0.00000    
   41   1.029351207     -0.27E-02   1849.519519       0.00000    
   42   1.026219927     -0.28E-02   1855.162913       0.00000    
   43   1.022736339     -0.29E-02   1861.481866       0.00000    
   44   1.018533487     -0.30E-02   1869.163039       0.00000    
   45   1.013921601     -0.31E-02   1877.665044       0.00000    
   46   1.009116885     -0.31E-02   1886.605186       0.00000    
   47   1.004425478     -0.30E-02   1895.417022       0.00000    
   48   1.000382135     -0.29E-02   1903.077915       0.00000    
   49  0.9962283663     -0.32E-02   1911.012788       0.00000    
   50  0.9910880026     -0.34E-02   1920.924422       0.00000    
   51  0.9854406046     -0.35E-02   1931.932923       0.00000    
   52  0.9796600791     -0.36E-02   1943.332375       0.00000    
   53  0.9741152177     -0.34E-02   1954.394217       0.00000    
   54  0.9690306940     -0.33E-02   1964.648963       0.00000    
   55  0.9636684301     -0.35E-02   1975.581111       0.00000    
   56  0.9575947244     -0.38E-02   1988.111567       0.00000    
 __________________________________________________________________________

 Frequency =   403.0     Hz

 Mesh multiplier   CPU seconds
                --- Number of modes =           75
        1            0.411E-02s
                --- Number of modes =           75
        2            0.506E-02s
        4            0.378E-02s

    I       k             alpha     Phase Speed     Group Speed
          (1/m)           (1/m)        (m/s)           (m/s)
    1   1.719123507     -0.11E-05   1472.915511       0.00000    
    3   1.715238429     -0.10E-04   1476.251719       0.00000    
    5   1.707445751     -0.30E-04   1482.989241       0.00000    
    7   1.695701307     -0.61E-04   1493.260439       0.00000    
    9   1.679942378     -0.11E-03   1507.268173       0.00000    
   11   1.660098376     -0.19E-03   1525.285318       0.00000    
   13   1.636137317     -0.34E-03   1547.622961       0.00000    
   15   1.608600203     -0.14E-02   1574.116225       0.00000    
   17   1.591361218     -0.24E-02   1591.168398       0.00000    
   19   1.563278227     -0.53E-02   1619.752412       0.00000    
   21   1.534349733     -0.20E-02   1650.291081       0.00000    
   23   1.497522204     -0.36E-02   1690.875549       0.00000    
   25   1.461271556     -0.27E-02   1732.822122       0.00000    
   27   1.427733805     -0.50E-02   1773.526458       0.00000    
   29   1.421001972     -0.23E-02   1781.928335       0.00000    
   31   1.419995782     -0.23E-02   1783.190987       0.00000    
   33   1.418347129     -0.24E-02   1785.263724       0.00000    
   35   1.416162177     -0.24E-02   1788.018153       0.00000    
   37   1.413958802     -0.24E-02   1790.804424       0.00000    
   39   1.410985625     -0.24E-02   1794.577942       0.00000    
   41   1.407124542     -0.24E-02   1799.502179       0.00000    
   43   1.402642448     -0.24E-02   1805.252424       0.00000    
   45   1.397720492     -0.26E-02   1811.609470       0.00000    
   47   1.392825947     -0.31E-02   1817.975666       0.00000    
   49   1.387553330     -0.30E-02   1824.883861       0.00000    
   51   1.380990292     -0.31E-02   1833.556466       0.00000    
   53   1.374145458     -0.33E-02   1842.689698       0.00000    
   55   1.367485848     -0.35E-02   1851.663535       0.00000    
   57   1.359573570     -0.35E-02   1862.439617       0.00000    
   59   1.351169867     -0.35E-02   1874.023201       0.00000    
   61   1.343070576     -0.37E-02   1885.324363       0.00000    
   63   1.333951730     -0.39E-02   1898.212373       0.00000    
   65   1.324085804     -0.40E-02   1912.356187       0.00000    
   67   1.314108053     -0.38E-02   1926.876313       0.00000    
   69   1.304114520     -0.42E-02   1941.642118       0.00000    
   71   1.292542755     -0.44E-02   1959.025083       0.00000    
   73   1.280893548     -0.41E-02   1976.841622       0.00000    
   75   1.269574548     -0.45E-02   1994.466322       0.00000    
 __________________________________________________________________________

 Frequency =   503.0     Hz

 Mesh multiplier   CPU seconds
                --- Number of modes =           94
        1            0.628E-02s
                --- Number of modes =           94
        2            0.764E-02s
        4            0.574E-02s

    I       k             alpha     Phase Speed     Group Speed
          (1/m)           (1/m)        (m/s)           (m/s)
    1   2.145918180     -0.75E-06   1472.769204       0.00000    
    4   2.140025740     -0.12E-04   1476.824391       0.00000    
    7   2.127012060     -0.39E-04   1485.860033       0.00000    
   10   2.106765923     -0.84E-04   1500.139230       0.00000    
   13   2.079126996     -0.16E-03   1520.081369       0.00000    
   16   2.043945533     -0.33E-03   1546.245806       0.00000    
   19   2.003178991     -0.71E-02   1577.713337       0.00000    
   22   1.973254988     -0.72E-02   1601.639032       0.00000    
   25   1.930985732     -0.29E-02   1636.698892       0.00000    
   28   1.882969961     -0.28E-02   1678.434746       0.00000    
   31   1.824092871     -0.52E-02   1732.610362       0.00000    
   34   1.780093661     -0.44E-02   1775.435910       0.00000    
   37   1.773417962     -0.29E-02   1782.119205       0.00000    
   40   1.771593404     -0.29E-02   1783.954604       0.00000    
   43   1.768581401     -0.29E-02   1786.992789       0.00000    
   46   1.764437857     -0.30E-02   1791.189300       0.00000    
   49   1.759695318     -0.32E-02   1796.016718       0.00000    
   52   1.754509549     -0.30E-02   1801.325169       0.00000    
   55   1.747514124     -0.31E-02   1808.536003       0.00000    
   58   1.739853572     -0.37E-02   1816.498963       0.00000    
   61   1.731692569     -0.36E-02   1825.059635       0.00000    
   64   1.722308931     -0.38E-02   1835.003090       0.00000    
   67   1.712089672     -0.41E-02   1845.956004       0.00000    
   70   1.700873967     -0.41E-02   1858.128392       0.00000    
   73   1.689041687     -0.42E-02   1871.145179       0.00000    
   76   1.676372822     -0.46E-02   1885.285999       0.00000    
   79   1.662224164     -0.43E-02   1901.333333       0.00000    
   82   1.648443818     -0.48E-02   1917.227736       0.00000    
   85   1.632033649     -0.46E-02   1936.505545       0.00000    
   88   1.616522700     -0.50E-02   1955.086810       0.00000    
   91   1.598907745     -0.50E-02   1976.625743       0.00000    
   94   1.580793841     -0.51E-02   1999.275382       0.00000    
 __________________________________________________________________________

 Frequency =   703.0     Hz

 Mesh multiplier   CPU seconds
                --- Number of modes =          131
        1            0.120E-01s
                --- Number of modes =          131
        2            0.146E-01s
        4            0.116E-01s

    I       k             alpha     Phase Speed     Group Speed
          (1/m)           (1/m)        (m/s)           (m/s)
    1   2.999430521     -0.39E-06   1472.639303       0.00000    
    5   2.992612988     -0.98E-05   1475.994153       0.00000    
    9   2.976650009     -0.33E-04   1483.909515       0.00000    
   13   2.951409093     -0.73E-04   1496.600143       0.00000    
   17   2.916686826     -0.14E-03   1514.416711       0.00000    
   21   2.872237845     -0.26E-03   1537.852890       0.00000    
   25   2.818058105     -0.81E-03   1567.419516       0.00000    
   29   2.780898595     -0.13E-01   1588.364020       0.00000    
   33   2.729188556     -0.68E-02   1618.458813       0.00000    
   37   2.665326235     -0.73E-02   1657.237757       0.00000    
   41   2.591634483     -0.69E-02   1704.360433       0.00000    
   45   2.514125908     -0.84E-02   1756.904559       0.00000    
   49   2.479217568     -0.40E-02   1781.642454       0.00000    
   53   2.477693945     -0.41E-02   1782.738049       0.00000    
   57   2.474762758     -0.43E-02   1784.849581       0.00000    
   61   2.470994264     -0.42E-02   1787.571641       0.00000    
   65   2.465450364     -0.42E-02   1791.591238       0.00000    
   69   2.458552781     -0.44E-02   1796.617630       0.00000    
   73   2.450743371     -0.43E-02   1802.342637       0.00000    
   77   2.441995062     -0.45E-02   1808.799428       0.00000    
   81   2.431941733     -0.47E-02   1816.276768       0.00000    
   85   2.420117665     -0.48E-02   1825.150626       0.00000    
   89   2.408165325     -0.51E-02   1834.209315       0.00000    
   93   2.394300047     -0.54E-02   1844.831134       0.00000    
   97   2.379581313     -0.53E-02   1856.242208       0.00000    
  101   2.364194211     -0.56E-02   1868.323359       0.00000    
  105   2.347321114     -0.56E-02   1881.753308       0.00000    
  109   2.328969017     -0.59E-02   1896.581379       0.00000    
  113   2.310565110     -0.60E-02   1911.687860       0.00000    
  117   2.289682018     -0.58E-02   1929.123449       0.00000    
  121   2.268887167     -0.64E-02   1946.804290       0.00000    
  125   2.246860315     -0.62E-02   1965.889576       0.00000    
  129   2.222934591     -0.66E-02   1987.048692       0.00000    
 __________________________________________________________________________

 Frequency =   953.0     Hz
